2023-11-03 11:18:33,749 [Worker-1: Loading available Gradle versions] INFO  o.e.b.c.i.u.g.PublishedGradleVersions - Gradle version information cache is up-to-date. Trying to read.
2023-11-03 11:20:04,115 [Worker-3: Creating project "spring-core-crud"] INFO  o.e.m.c.i.l.LifecycleMappingFactory - Using org.eclipse.m2e.jdt.JarLifecycleMapping lifecycle mapping for MavenProject: com.jsp:spring-core-crud:0.0.1-SNAPSHOT @ D:\Jspider\second-spring-core-workspace\spring-core-crud\pom.xml.
2023-11-03 11:20:06,968 [Worker-3: Creating project "spring-core-crud"] INFO  o.e.m.j.i.AbstractJavaProjectConfigurator - Adding source folder /spring-core-crud/src/main/java
2023-11-03 11:20:06,970 [Worker-3: Creating project "spring-core-crud"] INFO  o.e.m.j.i.AbstractJavaProjectConfigurator - Adding resource folder /spring-core-crud/src/main/resources
2023-11-03 11:20:06,972 [Worker-3: Creating project "spring-core-crud"] INFO  o.e.m.j.i.AbstractJavaProjectConfigurator - Adding source folder /spring-core-crud/src/test/java
2023-11-03 11:20:06,973 [Worker-3: Creating project "spring-core-crud"] INFO  o.e.m.j.i.AbstractJavaProjectConfigurator - Adding resource folder /spring-core-crud/src/test/resources
2023-11-03 11:20:09,778 [Worker-16: Building] WARN  o.e.m.c.i.embedder.EclipseLogger - Using platform encoding (Cp1252 actually) to copy filtered resources, i.e. build is platform dependent!
2023-11-03 11:20:09,786 [Worker-16: Building] INFO  o.e.m.c.i.embedder.EclipseLogger - Copying 0 resource
2023-11-03 11:20:09,792 [Worker-16: Building] WARN  o.e.m.c.i.embedder.EclipseLogger - Using platform encoding (Cp1252 actually) to copy filtered resources, i.e. build is platform dependent!
2023-11-03 11:20:09,794 [Worker-16: Building] INFO  o.e.m.c.i.embedder.EclipseLogger - Copying 0 resource
2023-11-03 11:22:38,405 [Worker-14: Building] WARN  o.e.m.c.i.embedder.EclipseLogger - Using platform encoding (Cp1252 actually) to copy filtered resources, i.e. build is platform dependent!
2023-11-03 11:22:38,424 [Worker-14: Building] INFO  o.e.m.c.i.embedder.EclipseLogger - Copying 0 resource
2023-11-03 11:22:38,428 [Worker-14: Building] WARN  o.e.m.c.i.embedder.EclipseLogger - Using platform encoding (Cp1252 actually) to copy filtered resources, i.e. build is platform dependent!
2023-11-03 11:22:38,429 [Worker-14: Building] INFO  o.e.m.c.i.embedder.EclipseLogger - Copying 0 resource
2023-11-03 11:23:32,169 [Worker-19: Building] WARN  o.e.m.c.i.embedder.EclipseLogger - Using platform encoding (Cp1252 actually) to copy filtered resources, i.e. build is platform dependent!
2023-11-03 11:23:32,171 [Worker-19: Building] INFO  o.e.m.c.i.embedder.EclipseLogger - Copying 0 resource
2023-11-03 11:23:32,175 [Worker-19: Building] WARN  o.e.m.c.i.embedder.EclipseLogger - Using platform encoding (Cp1252 actually) to copy filtered resources, i.e. build is platform dependent!
2023-11-03 11:23:32,176 [Worker-19: Building] INFO  o.e.m.c.i.embedder.EclipseLogger - Copying 0 resource
2023-11-03 11:23:49,021 [Worker-19: Building] INFO  o.e.m.c.i.l.LifecycleMappingFactory - Using org.eclipse.m2e.jdt.JarLifecycleMapping lifecycle mapping for MavenProject: com.jsp:spring-core-crud:0.0.1-SNAPSHOT @ D:\Jspider\second-spring-core-workspace\spring-core-crud\pom.xml.
2023-11-03 11:23:49,267 [Worker-19: Building] WARN  o.e.m.c.i.embedder.EclipseLogger - Using platform encoding (Cp1252 actually) to copy filtered resources, i.e. build is platform dependent!
2023-11-03 11:23:49,270 [Worker-19: Building] INFO  o.e.m.c.i.embedder.EclipseLogger - Copying 0 resource
2023-11-03 11:23:49,275 [Worker-19: Building] WARN  o.e.m.c.i.embedder.EclipseLogger - Using platform encoding (Cp1252 actually) to copy filtered resources, i.e. build is platform dependent!
2023-11-03 11:23:49,276 [Worker-19: Building] INFO  o.e.m.c.i.embedder.EclipseLogger - Copying 0 resource
